MinOS Phase Check — Sat Apr 18 14:12:09 UTC 2026
Root: /home/anura/OS-final/MinOS
Pass: 25  Warn: 0  Fail: 0

PASS: File exists: kernel/bzImage
PASS: Non-empty: kernel/bzImage
PASS: File exists: kernel/config
PASS: Non-empty: kernel/config
PASS: File exists: kernel/build.sh
PASS: bzImage size: 13 MB
PASS: Kernel feature enabled: cgroups (CONFIG_CGROUPS)
PASS: Kernel feature enabled: memory cgroup controller (cgroup v2) (CONFIG_MEMCG)
PASS: Kernel feature enabled: CPU scheduling cgroup controller (CONFIG_CGROUP_SCHED)
PASS: Kernel feature enabled: PIDs cgroup controller (CONFIG_CGROUP_PIDS)
PASS: Kernel feature enabled: CFS group scheduling (cpu.weight) (CONFIG_FAIR_GROUP_SCHED)
PASS: Kernel feature enabled: namespaces (CONFIG_NAMESPACES)
PASS: Kernel feature enabled: PID namespaces (CONFIG_PID_NS)
PASS: Kernel feature enabled: network namespaces (CONFIG_NET_NS)
PASS: Kernel feature enabled: UTS namespaces (CONFIG_UTS_NS)
PASS: Kernel feature enabled: user namespaces (uid/gid mapping) (CONFIG_USER_NS)
PASS: Kernel feature enabled (built-in): overlayfs (CONFIG_OVERLAY_FS=y)
PASS: Kernel feature enabled: seccomp (CONFIG_SECCOMP)
PASS: Kernel feature enabled: seccomp BPF filter (CONFIG_SECCOMP_FILTER)
PASS: Kernel feature enabled: virtio (CONFIG_VIRTIO)
PASS: Kernel feature enabled: virtio networking (CONFIG_VIRTIO_NET)
PASS: Kernel feature enabled: virtio block device (CONFIG_VIRTIO_BLK)
PASS: Kernel feature enabled: squashfs rootfs (CONFIG_SQUASHFS) ← CRITICAL FOR BOOT
PASS: Kernel feature enabled: bridge support (osBr0 for networking) (CONFIG_BRIDGE)
PASS: Kernel feature enabled: virtual ethernet pairs (container networking) (CONFIG_VETH)
